#
# A fatal error has been detected by the Java Runtime Environment:
#
#  SIGSEGV (0xb) at pc=0x000000011e3d3061, pid=82800, tid=0x0000000000000e03
#
# JRE version: Java(TM) SE Runtime Environment (8.0_221-b11) (build 1.8.0_221-b11)
# Java VM: Java HotSpot(TM) 64-Bit Server VM (25.221-b11 mixed mode bsd-amd64 compressed oops)
# Problematic frame:
# C  [libtesseract.4.dylib+0x1a061]  tesseract::Tesseract::recog_all_words(PAGE_RES*, ETEXT_DESC*, TBOX const*, char const*, int)+0xaf
#
# Failed to write core dump. Core dumps have been disabled. To enable core dumping, try "ulimit -c unlimited" before starting Java again
#
# If you would like to submit a bug report, please visit:
#   http://bugreport.java.com/bugreport/crash.jsp
# The crash happened outside the Java Virtual Machine in native code.
# See problematic frame for where to report the bug.
#

---------------  T H R E A D  ---------------

Current thread (0x00007fc646015800):  JavaThread "main" [_thread_in_native, id=3587, stack(0x0000700005e24000,0x0000700005f24000)]

siginfo: si_signo: 11 (SIGSEGV), si_code: 1 (SEGV_MAPERR), si_addr: 0x000000000000000c

Registers:
RAX=0x0000000000000000, RBX=0x00007fc645ca9de0, RCX=0x0000000000000000, RDX=0x0000000000000001
RSP=0x0000700005f22650, RBP=0x0000700005f22810, RSI=0x0000000000000001, RDI=0x0000700005f226a8
R8 =0x0000000000000000, R9 =0x0000000000000000, R10=0x00000000ffffffff, R11=0x00000000000024c0
R12=0x0000000000000000, R13=0x0000000000000000, R14=0x0000000000000000, R15=0x00007fc64972e000
RIP=0x000000011e3d3061, EFLAGS=0x0000000000010246, ERR=0x0000000000000004
  TRAPNO=0x000000000000000e

Top of Stack: (sp=0x0000700005f22650)
0x0000700005f22650:   00007fc645ca62c0 00007fc645ca9de0
0x0000700005f22660:   0000000000000000 0000000000000000
0x0000700005f22670:   0000000000000000 00007fc645cac380
0x0000700005f22680:   00007fc645ca5450 00007fc645ca54e0
0x0000700005f22690:   0000000000000000 0000000000000000
0x0000700005f226a0:   0000000000000000 00007fc645ca9de8
0x0000700005f226b0:   00007fc645ca54e0 00007fc645ca54e0
0x0000700005f226c0:   00007fc645ca54e0 00007fc645ca54e0
0x0000700005f226d0:   00007fc645010000 00007fc645ca5508
0x0000700005f226e0:   00007fc645ca5450 00007fc645ca5450
0x0000700005f226f0:   00007fc645ca5450 00007fc645ca5450
0x0000700005f22700:   0000000000010000 00007fc645ca5470
0x0000700005f22710:   00007fc645caa1f0 00007fc645cac380
0x0000700005f22720:   00007fc645caa1f0 00007fc645cac380
0x0000700005f22730:   00007fc645010000 00007fc645ca5470
0x0000700005f22740:   00007fc645caa1f0 00007fc645cac380
0x0000700005f22750:   00007fc645caa1f0 00007fc645cac380
0x0000700005f22760:   0000000000000000 00007fc645ca5470
0x0000700005f22770:   00007fc645caa1f0 00007fc645cac380
0x0000700005f22780:   00007fc645caa1f0 00007fc645cac380
0x0000700005f22790:   0000700005000000 000000011e3bdc05
0x0000700005f227a0:   00007fc645c9c200 000000000000009e
0x0000700005f227b0:   00007fc64972e150 00007fc645db2050
0x0000700005f227c0:   00007fc645db2050 00007fc64972e000
0x0000700005f227d0:   0000000000000000 0000000000000000
0x0000700005f227e0:   00007fc645ca9de0 0000700005f22801
0x0000700005f227f0:   00007fc645db2050 00007fc64972e000
0x0000700005f22800:   00000000ffffffff 0000000000000000
0x0000700005f22810:   0000700005f22880 000000011e3bf83e
0x0000700005f22820:   0000000796eab608 00000007955960b8
0x0000700005f22830:   0000700005f22830 000000010938b793
0x0000700005f22840:   0000700005f228a0 000000010938bae0 

Instructions: (pc=0x000000011e3d3061)
0x000000011e3d3041:   e8 ce e5 11 00 41 83 bf 08 14 00 00 00 7e 0a 4c
0x000000011e3d3051:   89 ff e8 ba 85 0b 00 eb 15 49 8b 87 b0 09 00 00
0x000000011e3d3061:   80 78 0c 00 74 08 4c 89 ff e8 17 86 0b 00 41 83
0x000000011e3d3071:   bf d8 44 02 00 00 7e 3e 31 db 49 8b 87 e0 44 02 

Register to memory mapping:

RAX=0x0000000000000000 is an unknown value
RBX=0x00007fc645ca9de0 is an unknown value
RCX=0x0000000000000000 is an unknown value
RDX=0x0000000000000001 is an unknown value
RSP=0x0000700005f22650 is pointing into the stack for thread: 0x00007fc646015800
RBP=0x0000700005f22810 is pointing into the stack for thread: 0x00007fc646015800
RSI=0x0000000000000001 is an unknown value
RDI=0x0000700005f226a8 is pointing into the stack for thread: 0x00007fc646015800
R8 =0x0000000000000000 is an unknown value
R9 =0x0000000000000000 is an unknown value
R10=0x00000000ffffffff is an unknown value
R11=0x00000000000024c0 is an unknown value
R12=0x0000000000000000 is an unknown value
R13=0x0000000000000000 is an unknown value
R14=0x0000000000000000 is an unknown value
R15=0x00007fc64972e000 is an unknown value


Stack: [0x0000700005e24000,0x0000700005f24000],  sp=0x0000700005f22650,  free space=1017k
Native frames: (J=compiled Java code, j=interpreted, Vv=VM code, C=native code)
C  [libtesseract.4.dylib+0x1a061]  tesseract::Tesseract::recog_all_words(PAGE_RES*, ETEXT_DESC*, TBOX const*, char const*, int)+0xaf
C  [libtesseract.4.dylib+0x683e]  tesseract::TessBaseAPI::Recognize(ETEXT_DESC*)+0x378
C  [libtesseract.4.dylib+0x57cf]  tesseract::TessBaseAPI::GetUTF8Text()+0x2b
C  [jna7608617412053982215.tmp+0xde74]  ffi_call_unix64+0x4c
C  0x0000700005f232c8

Java frames: (J=compiled Java code, j=interpreted, Vv=VM code)
j  com.sun.jna.Native.invokePointer(Lcom/sun/jna/Function;JI[Ljava/lang/Object;)J+0
j  com.sun.jna.Function.invokePointer(I[Ljava/lang/Object;)Lcom/sun/jna/Pointer;+7
j  com.sun.jna.Function.invoke([Ljava/lang/Object;Ljava/lang/Class;ZI)Ljava/lang/Object;+385
j  com.sun.jna.Function.invoke(Ljava/lang/reflect/Method;[Ljava/lang/Class;Ljava/lang/Class;[Ljava/lang/Object;Ljava/util/Map;)Ljava/lang/Object;+271
j  com.sun.jna.Library$Handler.invoke(Ljava/lang/Object;Ljava/lang/reflect/Method;[Ljava/lang/Object;)Ljava/lang/Object;+390
j  com.sun.proxy.$Proxy0.TessBaseAPIGetUTF8Text(Lnet/sourceforge/tess4j/ITessAPI$TessBaseAPI;)Lcom/sun/jna/Pointer;+16
j  net.sourceforge.tess4j.Tesseract.getOCRText(Ljava/lang/String;I)Ljava/lang/String;+264
j  net.sourceforge.tess4j.Tesseract.doOCR(Ljava/util/List;Ljava/lang/String;Ljava/awt/Rectangle;)Ljava/lang/String;+69
j  net.sourceforge.tess4j.Tesseract.doOCR(Ljava/util/List;Ljava/awt/Rectangle;)Ljava/lang/String;+4
j  net.sourceforge.tess4j.Tesseract.doOCR(Ljava/awt/image/BufferedImage;Ljava/awt/Rectangle;)Ljava/lang/String;+6
j  net.sourceforge.tess4j.Tesseract.doOCR(Ljava/awt/image/BufferedImage;)Ljava/lang/String;+3
j  com.gogonew.tes.image.OCRDemo.testDoOCR_ImageByte([B)V+40
j  com.gogonew.tes.image.OCRDemo.main([Ljava/lang/String;)V+14
v  ~StubRoutines::call_stub

---------------  P R O C E S S  ---------------

Java Threads: ( => current thread )
  0x00007fc647219800 JavaThread "Java2D Disposer" daemon [_thread_blocked, id=82947, stack(0x0000700007269000,0x0000700007369000)]
  0x00007fc646a42000 JavaThread "Attach Listener" daemon [_thread_blocked, id=83723, stack(0x0000700007166000,0x0000700007266000)]
  0x00007fc648306800 JavaThread "AWT-AppKit" daemon [_thread_in_native, id=775, stack(0x00007ffeee104000,0x00007ffeee904000)]
  0x00007fc648229000 JavaThread "Service Thread" daemon [_thread_blocked, id=17155, stack(0x0000700006c51000,0x0000700006d51000)]
  0x00007fc646952000 JavaThread "C1 CompilerThread2" daemon [_thread_blocked, id=17667, stack(0x0000700006b4e000,0x0000700006c4e000)]
  0x00007fc6481f8800 JavaThread "C2 CompilerThread1" daemon [_thread_blocked, id=14851, stack(0x0000700006a4b000,0x0000700006b4b000)]
  0x00007fc6481f7800 JavaThread "C2 CompilerThread0" daemon [_thread_blocked, id=14339, stack(0x0000700006948000,0x0000700006a48000)]
  0x00007fc646941000 JavaThread "Monitor Ctrl-Break" daemon [_thread_in_native, id=13827, stack(0x0000700006845000,0x0000700006945000)]
  0x00007fc64603c800 JavaThread "Signal Dispatcher" daemon [_thread_blocked, id=13571, stack(0x0000700006742000,0x0000700006842000)]
  0x00007fc647016000 JavaThread "Finalizer" daemon [_thread_blocked, id=11779, stack(0x0000700006539000,0x0000700006639000)]
  0x00007fc647013800 JavaThread "Reference Handler" daemon [_thread_blocked, id=21251, stack(0x0000700006436000,0x0000700006536000)]
=>0x00007fc646015800 JavaThread "main" [_thread_in_native, id=3587, stack(0x0000700005e24000,0x0000700005f24000)]

Other Threads:
  0x00007fc648024000 VMThread [stack: 0x0000700006333000,0x0000700006433000] [id=21507]
  0x00007fc647140000 WatcherThread [stack: 0x0000700006d54000,0x0000700006e54000] [id=16899]

VM state:not at safepoint (normal execution)

VM Mutex/Monitor currently owned by a thread: None

heap address: 0x0000000740000000, size: 2048 MB, Compressed Oops mode: Zero based, Oop shift amount: 3
Narrow klass base: 0x0000000000000000, Narrow klass shift: 3
Compressed class space size: 1073741824 Address: 0x00000007c0000000

Heap:
 PSYoungGen      total 38400K, used 30834K [0x0000000795580000, 0x0000000798000000, 0x00000007c0000000)
  eden space 33280K, 92% used [0x0000000795580000,0x000000079739c808,0x0000000797600000)
  from space 5120K, 0% used [0x0000000797b00000,0x0000000797b00000,0x0000000798000000)
  to   space 5120K, 0% used [0x0000000797600000,0x0000000797600000,0x0000000797b00000)
 ParOldGen       total 87552K, used 0K [0x0000000740000000, 0x0000000745580000, 0x0000000795580000)
  object space 87552K, 0% used [0x0000000740000000,0x0000000740000000,0x0000000745580000)
 Metaspace       used 9258K, capacity 9456K, committed 9600K, reserved 1058816K
  class space    used 1011K, capacity 1086K, committed 1152K, reserved 1048576K

Card table byte_map: [0x00000001047b9000,0x0000000104bba000] byte_map_base: 0x0000000100db9000

Marking Bits: (ParMarkBitMap*) 0x00000001040fbe40
 Begin Bits: [0x0000000104e65000, 0x0000000106e65000)
 End Bits:   [0x0000000106e65000, 0x0000000108e65000)

Polling page: 0x0000000101371000

CodeCache: size=245760Kb used=2799Kb max_used=2812Kb free=242960Kb
 bounds [0x000000010d3d8000, 0x000000010d6a8000, 0x000000011c3d8000]
 total_blobs=1060 nmethods=691 adapters=283
 compilation: enabled

Compilation events (10 events):
Event: 3.400 Thread 0x00007fc6481f7800  689 %     4       sun.awt.image.ByteInterleavedRaster::getByteData @ 646 (851 bytes)
Event: 3.400 Thread 0x00007fc646952000  687       3       sun.awt.image.ByteInterleavedRaster::getDataElements (18 bytes)
Event: 3.400 Thread 0x00007fc646952000 nmethod 687 0x000000010d690b90 code [0x000000010d690d00, 0x000000010d690f88]
Event: 3.400 Thread 0x00007fc646952000  688       3       sun.awt.image.ByteInterleavedRaster::setDataElements (18 bytes)
Event: 3.400 Thread 0x00007fc646952000 nmethod 688 0x000000010d68e510 code [0x000000010d68e680, 0x000000010d68e908]
Event: 3.403 Thread 0x00007fc646952000  690       3       sun.awt.image.SunWritableRaster::markDirty (8 bytes)
Event: 3.403 Thread 0x00007fc646952000 nmethod 690 0x000000010d690710 code [0x000000010d690880, 0x000000010d690ad0]
Event: 3.403 Thread 0x00007fc646952000  691       3       sun.java2d.StateTrackableDelegate::markDirty (6 bytes)
Event: 3.404 Thread 0x00007fc646952000 nmethod 691 0x000000010d687690 code [0x000000010d6877e0, 0x000000010d687950]
Event: 3.413 Thread 0x00007fc6481f7800 nmethod 689% 0x000000010d6980d0 code [0x000000010d698240, 0x000000010d698958]

GC Heap History (0 events):
No events

Deoptimization events (4 events):
Event: 1.336 Thread 0x00007fc646015800 Uncommon trap: reason=unstable_if action=reinterpret pc=0x000000010d58dd3c method=java.lang.String.indexOf([CII[CIII)I @ 3
Event: 1.422 Thread 0x00007fc646015800 Uncommon trap: reason=unstable_if action=reinterpret pc=0x000000010d5c3570 method=com.sun.imageio.plugins.png.PNGImageReader.paethPredictor(III)I @ 41
Event: 1.769 Thread 0x00007fc646015800 Uncommon trap: reason=unstable_if action=reinterpret pc=0x000000010d602ff4 method=java.lang.String.replace(CC)Ljava/lang/String; @ 26
Event: 2.033 Thread 0x00007fc646015800 Uncommon trap: reason=unstable_if action=reinterpret pc=0x000000010d647904 method=java.lang.String.lastIndexOf([CII[CIII)I @ 118

Classes redefined (0 events):
No events

Internal exceptions (10 events):
Event: 0.070 Thread 0x00007fc646015800 Exception <a 'java/lang/NoSuchMethodError': Method sun.misc.Unsafe.prefetchRead(Ljava/lang/Object;J)V name or signature does not match> (0x0000000795587fa0) thrown at [/Users/java_re/workspace/8-2-build-macosx-x86_64/jdk8u221/13320/hotspot/src/share/vm/pr
Event: 0.567 Thread 0x00007fc646015800 Exception <a 'java/security/PrivilegedActionException'> (0x0000000795ad7928) thrown at [/Users/java_re/workspace/8-2-build-macosx-x86_64/jdk8u221/13320/hotspot/src/share/vm/prims/jvm.cpp, line 1502]
Event: 0.567 Thread 0x00007fc646015800 Exception <a 'java/security/PrivilegedActionException'> (0x0000000795ad7d20) thrown at [/Users/java_re/workspace/8-2-build-macosx-x86_64/jdk8u221/13320/hotspot/src/share/vm/prims/jvm.cpp, line 1502]
Event: 0.567 Thread 0x00007fc646015800 Exception <a 'java/security/PrivilegedActionException'> (0x0000000795adb238) thrown at [/Users/java_re/workspace/8-2-build-macosx-x86_64/jdk8u221/13320/hotspot/src/share/vm/prims/jvm.cpp, line 1502]
Event: 0.567 Thread 0x00007fc646015800 Exception <a 'java/security/PrivilegedActionException'> (0x0000000795adb630) thrown at [/Users/java_re/workspace/8-2-build-macosx-x86_64/jdk8u221/13320/hotspot/src/share/vm/prims/jvm.cpp, line 1502]
Event: 0.729 Thread 0x00007fc646015800 Exception <a 'java/lang/NoSuchFieldError': method resolution failed> (0x0000000795c3ac38) thrown at [/Users/java_re/workspace/8-2-build-macosx-x86_64/jdk8u221/13320/hotspot/src/share/vm/prims/methodHandles.cpp, line 1167]
Event: 0.742 Thread 0x00007fc646015800 Exception <a 'java/lang/NoSuchFieldError': method resolution failed> (0x0000000795c48eb0) thrown at [/Users/java_re/workspace/8-2-build-macosx-x86_64/jdk8u221/13320/hotspot/src/share/vm/prims/methodHandles.cpp, line 1167]
Event: 1.167 Thread 0x00007fc646015800 Exception <a 'java/io/FileNotFoundException'> (0x0000000795ce9e30) thrown at [/Users/java_re/workspace/8-2-build-macosx-x86_64/jdk8u221/13320/hotspot/src/share/vm/prims/jni.cpp, line 710]
Event: 1.168 Thread 0x00007fc646015800 Exception <a 'java/io/FileNotFoundException'> (0x0000000795cea9a0) thrown at [/Users/java_re/workspace/8-2-build-macosx-x86_64/jdk8u221/13320/hotspot/src/share/vm/prims/jni.cpp, line 710]
Event: 1.718 Thread 0x00007fc646015800 Exception <a 'java/io/FileNotFoundException'> (0x000000079697d608) thrown at [/Users/java_re/workspace/8-2-build-macosx-x86_64/jdk8u221/13320/hotspot/src/share/vm/prims/jni.cpp, line 710]

Events (10 events):
Event: 3.397 loading class com/sun/jna/Function$PointerArray
Event: 3.397 loading class com/sun/jna/Function$PointerArray done
Event: 3.397 loading class java/util/Collections$EmptyEnumeration
Event: 3.397 loading class java/util/Collections$EmptyEnumeration done
Event: 3.408 loading class java/nio/DirectByteBuffer$Deallocator
Event: 3.409 loading class java/nio/DirectByteBuffer$Deallocator done
Event: 3.409 loading class java/lang/StrictMath
Event: 3.409 loading class java/lang/StrictMath done
Event: 3.410 loading class com/sun/jna/Native$Buffers
Event: 3.410 loading class com/sun/jna/Native$Buffers done


Dynamic libraries:
0x00007fff34fca000 	/System/Library/Frameworks/Cocoa.framework/Versions/A/Cocoa
0x00007fff22207000 	/System/Library/Frameworks/Security.framework/Versions/A/Security
0x00007fff331c9000 	/System/Library/Frameworks/ApplicationServices.framework/Versions/A/ApplicationServices
0x00007fff2a48c000 	/usr/lib/libz.1.dylib
0x00007fff2a554000 	/usr/lib/libSystem.B.dylib
0x00007fff201ef000 	/usr/lib/libobjc.A.dylib
0x00007fff203cf000 	/System/Library/Frameworks/CoreFoundation.framework/Versions/A/CoreFoundation
0x00007fff2117c000 	/System/Library/Frameworks/Foundation.framework/Versions/C/Foundation
0x00007fff22c2d000 	/System/Library/Frameworks/AppKit.framework/Versions/C/AppKit
0x00007fff25ac3000 	/System/Library/Frameworks/CoreData.framework/Versions/A/CoreData
0x00007fff23990000 	/System/Library/PrivateFrameworks/UIFoundation.framework/Versions/A/UIFoundation
0x00007fff2fbad000 	/System/Library/PrivateFrameworks/RemoteViewServices.framework/Versions/A/RemoteViewServices
0x00007fff289b6000 	/System/Library/PrivateFrameworks/XCTTargetBootstrap.framework/Versions/A/XCTTargetBootstrap
0x00007fff2b693000 	/usr/lib/libspindump.dylib
0x00007fff23be4000 	/System/Library/Frameworks/UniformTypeIdentifiers.framework/Versions/A/UniformTypeIdentifiers
0x00007fff2718d000 	/usr/lib/libapp_launch_measurement.dylib
0x00007fff27190000 	/System/Library/PrivateFrameworks/CoreAutoLayout.framework/Versions/A/CoreAutoLayout
0x00007fff28318000 	/System/Library/Frameworks/Metal.framework/Versions/A/Metal
0x00007fff29007000 	/usr/lib/liblangid.dylib
0x00007fff289ba000 	/System/Library/PrivateFrameworks/CoreSVG.framework/Versions/A/CoreSVG
0x00007fff24bcb000 	/System/Library/PrivateFrameworks/SkyLight.framework/Versions/A/SkyLight
0x00007fff24f31000 	/System/Library/Frameworks/CoreGraphics.framework/Versions/A/CoreGraphics
0x00007fff30204000 	/System/Library/Frameworks/Accelerate.framework/Versions/A/Accelerate
0x00007fff2b0ce000 	/System/Library/PrivateFrameworks/IconServices.framework/Versions/A/IconServices
0x00007fff282fd000 	/System/Library/Frameworks/IOSurface.framework/Versions/A/IOSurface
0x00007fff2644c000 	/usr/lib/libDiagnosticMessagesClient.dylib
0x00007fff289a2000 	/System/Library/PrivateFrameworks/DFRFoundation.framework/Versions/A/DFRFoundation
0x00007fff22559000 	/usr/lib/libicucore.A.dylib
0x00007fff2cbd5000 	/System/Library/Frameworks/AudioToolbox.framework/Versions/A/AudioToolbox
0x00007fff2be7b000 	/System/Library/PrivateFrameworks/DataDetectorsCore.framework/Versions/A/DataDetectorsCore
0x00007fff286a2000 	/System/Library/Frameworks/Carbon.framework/Versions/A/Frameworks/HIToolbox.framework/Versions/A/HIToolbox
0x00007fff26be5000 	/System/Library/Frameworks/QuartzCore.framework/Versions/A/QuartzCore
0x00007fff2fbe9000 	/System/Library/Frameworks/Carbon.framework/Versions/A/Frameworks/SpeechRecognition.framework/Versions/A/SpeechRecognition
0x00007fff26ef5000 	/System/Library/PrivateFrameworks/CoreUI.framework/Versions/A/CoreUI
0x00007fff21b63000 	/System/Library/Frameworks/CoreAudio.framework/Versions/A/CoreAudio
0x00007fff26537000 	/System/Library/Frameworks/DiskArbitration.framework/Versions/A/DiskArbitration
0x00007fff2ba8e000 	/System/Library/PrivateFrameworks/MultitouchSupport.framework/Versions/A/MultitouchSupport
0x00007fff2be72000 	/System/Library/PrivateFrameworks/InternationalSupport.framework/Versions/A/InternationalSupport
0x00007fff24b3f000 	/usr/lib/libenergytrace.dylib
0x00007fff22b27000 	/System/Library/Frameworks/IOKit.framework/Versions/A/IOKit
0x00007fff2ff36000 	/System/Library/Frameworks/CoreServices.framework/Versions/A/CoreServices
0x00007fff27123000 	/System/Library/PrivateFrameworks/PerformanceAnalysis.framework/Versions/A/PerformanceAnalysis
0x00007fff6c833000 	/System/Library/Frameworks/OpenGL.framework/Versions/A/OpenGL
0x00007fff2bef7000 	/System/Library/PrivateFrameworks/UserActivity.framework/Versions/A/UserActivity
0x00007fff255c5000 	/System/Library/Frameworks/ColorSync.framework/Versions/A/ColorSync
0x00007fff28c1e000 	/System/Library/Frameworks/CoreImage.framework/Versions/A/CoreImage
0x00007fff2197a000 	/System/Library/Frameworks/CoreText.framework/Versions/A/CoreText
0x00007fff289e4000 	/System/Library/Frameworks/ImageIO.framework/Versions/A/ImageIO
0x00007fff2a55a000 	/System/Library/PrivateFrameworks/SoftLinking.framework/Versions/A/SoftLinking
0x00007fff271d9000 	/usr/lib/libxml2.2.dylib
0x00007fff202b4000 	/usr/lib/libc++.1.dylib
0x00007fff2a7cc000 	/usr/lib/libcompression.dylib
0x00007fff24b40000 	/usr/lib/libMobileGestalt.dylib
0x00007fff2bda5000 	/System/Library/PrivateFrameworks/TextureIO.framework/Versions/A/TextureIO
0x00007fff2adf1000 	/usr/lib/libate.dylib
0x00007fff2a54e000 	/usr/lib/system/libcache.dylib
0x00007fff2a50a000 	/usr/lib/system/libcommonCrypto.dylib
0x00007fff2a534000 	/usr/lib/system/libcompiler_rt.dylib
0x00007fff2a529000 	/usr/lib/system/libcopyfile.dylib
0x00007fff200de000 	/usr/lib/system/libcorecrypto.dylib
0x00007fff201aa000 	/usr/lib/system/libdispatch.dylib
0x00007fff2035e000 	/usr/lib/system/libdyld.dylib
0x00007fff2a545000 	/usr/lib/system/libkeymgr.dylib
0x00007fff2d987000 	/usr/lib/system/liblaunch.dylib
0x00007fff2a4e8000 	/usr/lib/system/libmacho.dylib
0x00007fff29d03000 	/usr/lib/system/libquarantine.dylib
0x00007fff2a542000 	/usr/lib/system/libremovefile.dylib
0x00007fff24b9c000 	/usr/lib/system/libsystem_asl.dylib
0x00007fff2008e000 	/usr/lib/system/libsystem_blocks.dylib
0x00007fff2022b000 	/usr/lib/system/libsystem_c.dylib
0x00007fff2a53c000 	/usr/lib/system/libsystem_collections.dylib
0x00007fff28ff8000 	/usr/lib/system/libsystem_configuration.dylib
0x00007fff282ec000 	/usr/lib/system/libsystem_containermanager.dylib
0x00007fff2a284000 	/usr/lib/system/libsystem_coreservices.dylib
0x00007fff227bb000 	/usr/lib/system/libsystem_darwin.dylib
0x00007fff2a546000 	/usr/lib/system/libsystem_dnssd.dylib
0x00007fff20228000 	/usr/lib/system/libsystem_featureflags.dylib
0x00007fff203a3000 	/usr/lib/system/libsystem_info.dylib
0x00007fff2a49f000 	/usr/lib/system/libsystem_m.dylib
0x00007fff2017d000 	/usr/lib/system/libsystem_malloc.dylib
0x00007fff24b30000 	/usr/lib/system/libsystem_networkextension.dylib
0x00007fff22bd5000 	/usr/lib/system/libsystem_notify.dylib
0x00007fff2fe34000 	/usr/lib/system/libsystem_product_info_filter.dylib
0x00007fff28ffc000 	/usr/lib/system/libsystem_sandbox.dylib
0x00007fff2a53f000 	/usr/lib/system/libsystem_secinit.dylib
0x00007fff20323000 	/usr/lib/system/libsystem_kernel.dylib
0x00007fff20399000 	/usr/lib/system/libsystem_platform.dylib
0x00007fff20352000 	/usr/lib/system/libsystem_pthread.dylib
0x00007fff2629a000 	/usr/lib/system/libsystem_symptoms.dylib
0x00007fff200c6000 	/usr/lib/system/libsystem_trace.dylib
0x00007fff2a516000 	/usr/lib/system/libunwind.dylib
0x00007fff20090000 	/usr/lib/system/libxpc.dylib
0x00007fff2030a000 	/usr/lib/libc++abi.dylib
0x00007fff2a521000 	/usr/lib/liboah.dylib
0x00007fff2abd7000 	/usr/lib/liblzma.5.dylib
0x00007fff20e90000 	/System/Library/Frameworks/SystemConfiguration.framework/Versions/A/SystemConfiguration
0x00007fff2a556000 	/usr/lib/libfakelink.dylib
0x00007fff24692000 	/System/Library/Frameworks/CFNetwork.framework/Versions/A/CFNetwork
0x00007fff2a696000 	/usr/lib/libarchive.2.dylib
0x00007fff20f0e000 	/usr/lib/libCRFSuite.dylib
0x00007fff29d2a000 	/usr/lib/libbsm.0.dylib
0x00007fff2404e000 	/usr/lib/libnetwork.dylib
0x00007fff2a55b000 	/usr/lib/libpcap.A.dylib
0x00007fff26293000 	/usr/lib/libdns_services.dylib
0x00007fff2abf0000 	/usr/lib/libcoretls_cfhelpers.dylib
0x00007fff2a79a000 	/usr/lib/libapple_nghttp2.dylib
0x00007fff2a4ee000 	/usr/lib/system/libkxld.dylib
0x00007fff25ef9000 	/usr/lib/libsqlite3.dylib
0x00007fff2a266000 	/System/Library/PrivateFrameworks/AppleFSCompression.framework/Versions/A/AppleFSCompression
0x00007fff29d12000 	/usr/lib/libcoretls.dylib
0x00007fff2a7c7000 	/usr/lib/libpam.2.dylib
0x00007fff2acec000 	/usr/lib/libxar.1.dylib
0x00007fff29003000 	/System/Library/PrivateFrameworks/AppleSystemInfo.framework/Versions/A/AppleSystemInfo
0x00007fff29955000 	/System/Library/PrivateFrameworks/IOMobileFramebuffer.framework/Versions/A/IOMobileFramebuffer
0x00007fff2a276000 	/usr/lib/libbz2.1.0.dylib
0x00007fff2a593000 	/usr/lib/libiconv.2.dylib
0x00007fff2a4e7000 	/usr/lib/libcharset.1.dylib
0x00007fff2715f000 	/System/Library/Frameworks/CoreServices.framework/Versions/A/Frameworks/FSEvents.framework/Versions/A/FSEvents
0x00007fff227c5000 	/System/Library/Frameworks/CoreServices.framework/Versions/A/Frameworks/CarbonCore.framework/Versions/A/CarbonCore
0x00007fff2649c000 	/System/Library/Frameworks/CoreServices.framework/Versions/A/Frameworks/Metadata.framework/Versions/A/Metadata
0x00007fff2a289000 	/System/Library/Frameworks/CoreServices.framework/Versions/A/Frameworks/OSServices.framework/Versions/A/OSServices
0x00007fff2a708000 	/System/Library/Frameworks/CoreServices.framework/Versions/A/Frameworks/SearchKit.framework/Versions/A/SearchKit
0x00007fff2621d000 	/System/Library/Frameworks/CoreServices.framework/Versions/A/Frameworks/AE.framework/Versions/A/AE
0x00007fff2086b000 	/System/Library/Frameworks/CoreServices.framework/Versions/A/Frameworks/LaunchServices.framework/Versions/A/LaunchServices
0x00007fff2ab88000 	/System/Library/Frameworks/CoreServices.framework/Versions/A/Frameworks/DictionaryServices.framework/Versions/A/DictionaryServices
0x00007fff27168000 	/System/Library/Frameworks/CoreServices.framework/Versions/A/Frameworks/SharedFileList.framework/Versions/A/SharedFileList
0x00007fff29d06000 	/usr/lib/libCheckFix.dylib
0x00007fff24bb3000 	/System/Library/PrivateFrameworks/TCC.framework/Versions/A/TCC
0x00007fff29009000 	/System/Library/PrivateFrameworks/CoreNLP.framework/Versions/A/CoreNLP
0x00007fff2644f000 	/System/Library/PrivateFrameworks/MetadataUtilities.framework/Versions/A/MetadataUtilities
0x00007fff20f44000 	/usr/lib/libmecabra.dylib
0x00007fff2a019000 	/System/Library/Frameworks/MLCompute.framework/Versions/A/MLCompute
0x00007fff29d3b000 	/usr/lib/libmecab.dylib
0x00007fff29d85000 	/usr/lib/libgermantok.dylib
0x00007fff2a770000 	/usr/lib/libThaiTokenizer.dylib
0x00007fff2ad27000 	/usr/lib/libChineseTokenizer.dylib
0x00007fff2a7c5000 	/System/Library/Frameworks/MetalPerformanceShaders.framework/Versions/A/MetalPerformanceShaders
0x00007fff2653e000 	/System/Library/Frameworks/Accelerate.framework/Versions/A/Frameworks/vImage.framework/Versions/A/vImage
0x00007fff2ff0f000 	/System/Library/Frameworks/Accelerate.framework/Versions/A/Frameworks/vecLib.framework/Versions/A/vecLib
0x00007fff2ad32000 	/System/Library/Frameworks/Accelerate.framework/Versions/A/Frameworks/vecLib.framework/Versions/A/libvMisc.dylib
0x00007fff2976e000 	/System/Library/Frameworks/Accelerate.framework/Versions/A/Frameworks/vecLib.framework/Versions/A/libvDSP.dylib
0x00007fff20b6f000 	/System/Library/Frameworks/Accelerate.framework/Versions/A/Frameworks/vecLib.framework/Versions/A/libBLAS.dylib
0x00007fff2a7eb000 	/System/Library/Frameworks/Accelerate.framework/Versions/A/Frameworks/vecLib.framework/Versions/A/libLAPACK.dylib
0x00007fff29d8b000 	/System/Library/Frameworks/Accelerate.framework/Versions/A/Frameworks/vecLib.framework/Versions/A/libLinearAlgebra.dylib
0x00007fff2a7b2000 	/System/Library/Frameworks/Accelerate.framework/Versions/A/Frameworks/vecLib.framework/Versions/A/libSparseBLAS.dylib
0x00007fff2a7e5000 	/System/Library/Frameworks/Accelerate.framework/Versions/A/Frameworks/vecLib.framework/Versions/A/libQuadrature.dylib
0x00007fff290b1000 	/System/Library/Frameworks/Accelerate.framework/Versions/A/Frameworks/vecLib.framework/Versions/A/libBNNS.dylib
0x00007fff20e21000 	/System/Library/Frameworks/Accelerate.framework/Versions/A/Frameworks/vecLib.framework/Versions/A/libSparse.dylib
0x00007fff28f9c000 	/System/Library/Frameworks/MetalPerformanceShaders.framework/Versions/A/Frameworks/MPSCore.framework/Versions/A/MPSCore
0x00007fff2a1d5000 	/System/Library/Frameworks/MetalPerformanceShaders.framework/Versions/A/Frameworks/MPSImage.framework/Versions/A/MPSImage
0x00007fff29da1000 	/System/Library/Frameworks/MetalPerformanceShaders.framework/Versions/A/Frameworks/MPSNeuralNetwork.framework/Versions/A/MPSNeuralNetwork
0x00007fff2a160000 	/System/Library/Frameworks/MetalPerformanceShaders.framework/Versions/A/Frameworks/MPSMatrix.framework/Versions/A/MPSMatrix
0x00007fff29fc9000 	/System/Library/Frameworks/MetalPerformanceShaders.framework/Versions/A/Frameworks/MPSRayIntersector.framework/Versions/A/MPSRayIntersector
0x00007fff2a197000 	/System/Library/Frameworks/MetalPerformanceShaders.framework/Versions/A/Frameworks/MPSNDArray.framework/Versions/A/MPSNDArray
0x00007fff20a9b000 	/System/Library/PrivateFrameworks/MetalTools.framework/Versions/A/MetalTools
0x00007fff29001000 	/System/Library/PrivateFrameworks/AggregateDictionary.framework/Versions/A/AggregateDictionary
0x00007fff26427000 	/System/Library/PrivateFrameworks/CoreAnalytics.framework/Versions/A/CoreAnalytics
0x00007fff2a772000 	/System/Library/PrivateFrameworks/AppleSauce.framework/Versions/A/AppleSauce
0x00007fff2830f000 	/System/Library/PrivateFrameworks/IOAccelerator.framework/Versions/A/IOAccelerator
0x00007fff6c827000 	/System/Library/Frameworks/OpenGL.framework/Versions/A/Libraries/libCoreFSCache.dylib
0x00007fff214e0000 	/System/Library/PrivateFrameworks/LanguageModeling.framework/Versions/A/LanguageModeling
0x00007fff29942000 	/System/Library/PrivateFrameworks/CoreEmoji.framework/Versions/A/CoreEmoji
0x00007fff290aa000 	/System/Library/PrivateFrameworks/LinguisticData.framework/Versions/A/LinguisticData
0x00007fff20dd3000 	/System/Library/PrivateFrameworks/Lexicon.framework/Versions/A/Lexicon
0x00007fff2a684000 	/usr/lib/libcmph.dylib
0x00007fff2713f000 	/System/Library/Frameworks/OpenDirectory.framework/Versions/A/Frameworks/CFOpenDirectory.framework/Versions/A/CFOpenDirectory
0x00007fff2712f000 	/System/Library/Frameworks/OpenDirectory.framework/Versions/A/OpenDirectory
0x00007fff2abf2000 	/System/Library/PrivateFrameworks/APFS.framework/Versions/A/APFS
0x00007fff29c67000 	/System/Library/Frameworks/SecurityFoundation.framework/Versions/A/SecurityFoundation
0x00007fff2acfa000 	/usr/lib/libutil.dylib
0x00007fff22aec000 	/System/Library/PrivateFrameworks/CoreServicesStore.framework/Versions/A/CoreServicesStore
0x00007fff29cfe000 	/System/Library/Frameworks/ServiceManagement.framework/Versions/A/ServiceManagement
0x00007fff2acfe000 	/usr/lib/libxslt.1.dylib
0x00007fff29cf4000 	/System/Library/PrivateFrameworks/BackgroundTaskManagement.framework/Versions/A/BackgroundTaskManagement
0x00007fff2bcef000 	/System/Library/Frameworks/ImageIO.framework/Versions/A/Resources/libRadiance.dylib
0x00007fff2bcf9000 	/System/Library/Frameworks/ImageIO.framework/Versions/A/Resources/libJPEG.dylib
0x00007fff2bc48000 	/System/Library/Frameworks/ImageIO.framework/Versions/A/Resources/libPng.dylib
0x00007fff2bc6f000 	/System/Library/Frameworks/ImageIO.framework/Versions/A/Resources/libTIFF.dylib
0x00007fff2bd4e000 	/System/Library/Frameworks/ImageIO.framework/Versions/A/Resources/libGIF.dylib
0x00007fff2b9ab000 	/System/Library/Frameworks/ImageIO.framework/Versions/A/Resources/libJP2.dylib
0x00007fff2b095000 	/usr/lib/libexpat.1.dylib
0x00007fff2b960000 	/System/Library/PrivateFrameworks/AppleJPEG.framework/Versions/A/AppleJPEG
0x00007fff28545000 	/System/Library/PrivateFrameworks/FontServices.framework/libFontParser.dylib
0x00007fff261d1000 	/System/Library/PrivateFrameworks/RunningBoardServices.framework/Versions/A/RunningBoardServices
0x00007fff2ba8a000 	/System/Library/PrivateFrameworks/WatchdogClient.framework/Versions/A/WatchdogClient
0x00007fff215cd000 	/System/Library/Frameworks/CoreDisplay.framework/Versions/A/CoreDisplay
0x00007fff2845b000 	/System/Library/Frameworks/CoreMedia.framework/Versions/A/CoreMedia
0x00007fff272bc000 	/System/Library/Frameworks/CoreVideo.framework/Versions/A/CoreVideo
0x00007fff2bac2000 	/System/Library/Frameworks/VideoToolbox.framework/Versions/A/VideoToolbox
0x00007fff2614f000 	/System/Library/PrivateFrameworks/BaseBoard.framework/Versions/A/BaseBoard
0x00007fff2b1da000 	/System/Library/PrivateFrameworks/PersistentConnection.framework/Versions/A/PersistentConnection
0x00007fff25ee2000 	/System/Library/PrivateFrameworks/ProtocolBuffer.framework/Versions/A/ProtocolBuffer
0x00007fff26136000 	/System/Library/PrivateFrameworks/CommonUtilities.framework/Versions/A/CommonUtilities
0x00007fff2b8f5000 	/System/Library/PrivateFrameworks/Bom.framework/Versions/A/Bom
0x00007fff2bce8000 	/System/Library/PrivateFrameworks/GPUWrangler.framework/Versions/A/GPUWrangler
0x00007fff2bccd000 	/System/Library/PrivateFrameworks/IOPresentment.framework/Versions/A/IOPresentment
0x00007fff2bcf3000 	/System/Library/PrivateFrameworks/DSExternalDisplay.framework/Versions/A/DSExternalDisplay
0x00007fff2bd53000 	/System/Library/PrivateFrameworks/CMCaptureCore.framework/Versions/A/CMCaptureCore
0x00007fff2b67a000 	/System/Library/PrivateFrameworks/AppServerSupport.framework/Versions/A/AppServerSupport
0x00007fff2d726000 	/System/Library/PrivateFrameworks/perfdata.framework/Versions/A/perfdata
0x00007fff29c56000 	/System/Library/PrivateFrameworks/AssertionServices.framework/Versions/A/AssertionServices
0x00007fff21704000 	/System/Library/PrivateFrameworks/AudioToolboxCore.framework/Versions/A/AudioToolboxCore
0x00007fff2843e000 	/System/Library/PrivateFrameworks/caulk.framework/Versions/A/caulk
0x00007fff3d3b3000 	/System/Library/PrivateFrameworks/SystemPolicy.framework/Versions/A/SystemPolicy
0x00007fff2ae8a000 	/usr/lib/libIOReport.dylib
0x00007fff2cf48000 	/usr/lib/libSMC.dylib
0x00007fff2bc15000 	/usr/lib/libAudioToolboxUtility.dylib
0x00007fff3dd1d000 	/usr/lib/libmis.dylib
0x00007fff6c883000 	/System/Library/Frameworks/OpenGL.framework/Versions/A/Libraries/libGLU.dylib
0x00007fff6c846000 	/System/Library/Frameworks/OpenGL.framework/Versions/A/Libraries/libGFXShared.dylib
0x00007fff6ca55000 	/System/Library/Frameworks/OpenGL.framework/Versions/A/Libraries/libGL.dylib
0x00007fff6c84f000 	/System/Library/Frameworks/OpenGL.framework/Versions/A/Libraries/libGLImage.dylib
0x00007fff6c843000 	/System/Library/Frameworks/OpenGL.framework/Versions/A/Libraries/libCVMSPluginSupport.dylib
0x00007fff6c82e000 	/System/Library/Frameworks/OpenGL.framework/Versions/A/Libraries/libCoreVMClient.dylib
0x00007fff6de96000 	/System/Library/Frameworks/OpenCL.framework/Versions/A/OpenCL
0x00007fff2b204000 	/System/Library/PrivateFrameworks/GraphVisualizer.framework/Versions/A/GraphVisualizer
0x00007fff2b213000 	/System/Library/PrivateFrameworks/FaceCore.framework/Versions/A/FaceCore
0x00007fff2b62f000 	/System/Library/PrivateFrameworks/OTSVG.framework/Versions/A/OTSVG
0x00007fff26eb3000 	/System/Library/Frameworks/ApplicationServices.framework/Versions/A/Frameworks/ATS.framework/Versions/A/Resources/libFontRegistry.dylib
0x00007fff2b681000 	/System/Library/PrivateFrameworks/FontServices.framework/libhvf.dylib
0x00007fff2b041000 	/System/Library/PrivateFrameworks/AppleVA.framework/Versions/A/AppleVA
0x00007fff2cd91000 	/System/Library/Frameworks/ApplicationServices.framework/Versions/A/Frameworks/ATS.framework/Versions/A/ATS
0x00007fff2d0a3000 	/System/Library/Frameworks/ApplicationServices.framework/Versions/A/Frameworks/ColorSyncLegacy.framework/Versions/A/ColorSyncLegacy
0x00007fff256bc000 	/System/Library/Frameworks/ApplicationServices.framework/Versions/A/Frameworks/HIServices.framework/Versions/A/HIServices
0x00007fff2d088000 	/System/Library/Frameworks/ApplicationServices.framework/Versions/A/Frameworks/LangAnalysis.framework/Versions/A/LangAnalysis
0x00007fff2bd5d000 	/System/Library/Frameworks/ApplicationServices.framework/Versions/A/Frameworks/PrintCore.framework/Versions/A/PrintCore
0x00007fff2d0ab000 	/System/Library/Frameworks/ApplicationServices.framework/Versions/A/Frameworks/QD.framework/Versions/A/QD
0x00007fff2cd81000 	/System/Library/Frameworks/ApplicationServices.framework/Versions/A/Frameworks/SpeechSynthesis.framework/Versions/A/SpeechSynthesis
0x00007fff2bd1e000 	/System/Library/Frameworks/ApplicationServices.framework/Versions/A/Frameworks/ATSUI.framework/Versions/A/ATSUI
0x00007fff2d028000 	/usr/lib/libcups.2.dylib
0x00007fff2d098000 	/System/Library/PrivateFrameworks/NetAuth.framework/Versions/A/NetAuth
0x00007fff2d742000 	/System/Library/Frameworks/Kerberos.framework/Versions/A/Kerberos
0x00007fff2d752000 	/System/Library/Frameworks/GSS.framework/Versions/A/GSS
0x00007fff2cdfd000 	/usr/lib/libresolv.9.dylib
0x00007fff2b696000 	/System/Library/PrivateFrameworks/Heimdal.framework/Versions/A/Heimdal
0x00007fff334c9000 	/System/Library/Frameworks/Kerberos.framework/Versions/A/Libraries/libHeimdalProxy.dylib
0x00007fff262a2000 	/System/Library/Frameworks/Network.framework/Versions/A/Network
0x00007fff2b0af000 	/usr/lib/libheimdal-asn1.dylib
0x00007fff2d7a2000 	/System/Library/PrivateFrameworks/CommonAuth.framework/Versions/A/CommonAuth
0x00007fff27309000 	/System/Library/PrivateFrameworks/login.framework/Versions/A/Frameworks/loginsupport.framework/Versions/A/loginsupport
0x00007fff2cd06000 	/System/Library/PrivateFrameworks/AudioSession.framework/Versions/A/AudioSession
0x00007fff2cd6e000 	/usr/lib/libAudioStatistics.dylib
0x00007fff2b13c000 	/System/Library/PrivateFrameworks/MediaExperience.framework/Versions/A/MediaExperience
0x00007fff2cba3000 	/System/Library/PrivateFrameworks/AudioSession.framework/libSessionUtility.dylib
0x00007fff2d733000 	/usr/lib/libperfcheck.dylib
0x00007fff2d0b7000 	/System/Library/PrivateFrameworks/AudioResourceArbitration.framework/Versions/A/AudioResourceArbitration
0x00007fff2b0b9000 	/System/Library/PrivateFrameworks/IconFoundation.framework/Versions/A/IconFoundation
0x00007fff2fbd9000 	/System/Library/PrivateFrameworks/SpeechRecognitionCore.framework/Versions/A/SpeechRecognitionCore
0x00007fff5dc82000 	/System/Library/CoreServices/Encodings/libSimplifiedChineseConverter.dylib
0x0000000103800000 	/Library/Java/JavaVirtualMachines/jdk1.8.0_221.jdk/Contents/Home/jre/lib/server/libjvm.dylib
0x00007fff78ac2000 	/usr/lib/libstdc++.6.dylib
0x000000010132d000 	/Library/Java/JavaVirtualMachines/jdk1.8.0_221.jdk/Contents/Home/jre/lib/libverify.dylib
0x000000010133b000 	/Library/Java/JavaVirtualMachines/jdk1.8.0_221.jdk/Contents/Home/jre/lib/libjava.dylib
0x0000000101372000 	/Library/Java/JavaVirtualMachines/jdk1.8.0_221.jdk/Contents/Home/jre/lib/libinstrument.dylib
0x00000001013de000 	/Library/Java/JavaVirtualMachines/jdk1.8.0_221.jdk/Contents/Home/jre/lib/libzip.dylib
0x000000010bd5c000 	/Library/Java/JavaVirtualMachines/jdk1.8.0_221.jdk/Contents/Home/jre/lib/libnet.dylib
0x000000010bd78000 	/Library/Java/JavaVirtualMachines/jdk1.8.0_221.jdk/Contents/Home/jre/lib/libawt.dylib
0x000000010be21000 	/Library/Java/JavaVirtualMachines/jdk1.8.0_221.jdk/Contents/Home/jre/lib/libmlib_image.dylib
0x00007fff6f6bb000 	/System/Library/Frameworks/JavaNativeFoundation.framework/Versions/A/JavaNativeFoundation
0x00007fff6f6c7000 	/System/Library/Frameworks/JavaRuntimeSupport.framework/Versions/A/JavaRuntimeSupport
0x00007fff3d12b000 	/System/Library/Frameworks/Carbon.framework/Versions/A/Carbon
0x00007fff31b9f000 	/System/Library/PrivateFrameworks/CoreSymbolication.framework/Versions/A/CoreSymbolication
0x00007fff36431000 	/System/Library/Frameworks/Carbon.framework/Versions/A/Frameworks/CommonPanels.framework/Versions/A/CommonPanels
0x00007fff32f84000 	/System/Library/Frameworks/Carbon.framework/Versions/A/Frameworks/Help.framework/Versions/A/Help
0x00007fff36435000 	/System/Library/Frameworks/Carbon.framework/Versions/A/Frameworks/ImageCapture.framework/Versions/A/ImageCapture
0x00007fff3640d000 	/System/Library/Frameworks/Carbon.framework/Versions/A/Frameworks/OpenScripting.framework/Versions/A/OpenScripting
0x00007fff3642d000 	/System/Library/Frameworks/Carbon.framework/Versions/A/Frameworks/Ink.framework/Versions/A/Ink
0x00007fff3d127000 	/System/Library/Frameworks/Carbon.framework/Versions/A/Frameworks/Print.framework/Versions/A/Print
0x00007fff36429000 	/System/Library/Frameworks/Carbon.framework/Versions/A/Frameworks/SecurityHI.framework/Versions/A/SecurityHI
0x00007fff31b62000 	/System/Library/PrivateFrameworks/DebugSymbols.framework/Versions/A/DebugSymbols
0x000000010beed000 	/Library/Java/JavaVirtualMachines/jdk1.8.0_221.jdk/Contents/Home/jre/lib/libawt_lwawt.dylib
0x000000010bfa8000 	/Library/Java/JavaVirtualMachines/jdk1.8.0_221.jdk/Contents/Home/jre/lib/libosxapp.dylib
0x00007fff3c4eb000 	/System/Library/Frameworks/ExceptionHandling.framework/Versions/A/ExceptionHandling
0x00007fff22aad000 	/System/Library/PrivateFrameworks/CoreServicesInternal.framework/Versions/A/CoreServicesInternal
0x00007fff310bf000 	/System/Library/Frameworks/FileProvider.framework/Versions/A/FileProvider
0x00007fff260b9000 	/System/Library/Frameworks/Accounts.framework/Versions/A/Accounts
0x00007fff311e0000 	/System/Library/PrivateFrameworks/GenerationalStorage.framework/Versions/A/GenerationalStorage
0x00007fff30ade000 	/System/Library/PrivateFrameworks/SymptomDiagnosticReporter.framework/Versions/A/SymptomDiagnosticReporter
0x00007fff2e3eb000 	/System/Library/PrivateFrameworks/AppContainer.framework/Versions/A/AppContainer
0x00007fff23bf7000 	/System/Library/PrivateFrameworks/DesktopServicesPriv.framework/Versions/A/DesktopServicesPriv
0x00007fff22be1000 	/usr/lib/libsandbox.1.dylib
0x00007fff27335000 	/System/Library/PrivateFrameworks/UserManagement.framework/Versions/A/UserManagement
0x00007fff29c33000 	/System/Library/PrivateFrameworks/MobileKeyBag.framework/Versions/A/MobileKeyBag
0x00007fff34532000 	/System/Library/PrivateFrameworks/ChunkingLibrary.framework/Versions/A/ChunkingLibrary
0x00007fff2e400000 	/System/Library/PrivateFrameworks/SecCodeWrapper.framework/Versions/A/SecCodeWrapper
0x00007fff2ae92000 	/System/Library/PrivateFrameworks/CrashReporterSupport.framework/Versions/A/CrashReporterSupport
0x00007fff48295000 	/System/Library/PrivateFrameworks/OSAnalytics.framework/Versions/A/OSAnalytics
0x00007fff783ae000 	/usr/lib/libRosetta.dylib
0x00007fff32f15000 	/System/Library/PrivateFrameworks/RemoteServiceDiscovery.framework/Versions/A/RemoteServiceDiscovery
0x00007fff52253000 	/System/Library/PrivateFrameworks/Symbolication.framework/Versions/A/Symbolication
0x00007fff32f25000 	/System/Library/PrivateFrameworks/RemoteXPC.framework/Versions/A/RemoteXPC
0x00007fff39422000 	/System/Library/PrivateFrameworks/OSAServicesClient.framework/Versions/A/OSAServicesClient
0x00007fff3dcfc000 	/System/Library/PrivateFrameworks/MallocStackLogging.framework/Versions/A/MallocStackLogging
0x00007fff2e182000 	/System/Library/PrivateFrameworks/Sharing.framework/Versions/A/Sharing
0x00007fff32af2000 	/System/Library/PrivateFrameworks/Apple80211.framework/Versions/A/Apple80211
0x00007fff2a2b7000 	/System/Library/PrivateFrameworks/AuthKit.framework/Versions/A/AuthKit
0x00007fff29a33000 	/System/Library/PrivateFrameworks/CoreUtils.framework/Versions/A/CoreUtils
0x00007fff29960000 	/System/Library/Frameworks/CoreWLAN.framework/Versions/A/CoreWLAN
0x00007fff2e2ca000 	/System/Library/Frameworks/IOBluetooth.framework/Versions/A/IOBluetooth
0x00007fff32b56000 	/System/Library/PrivateFrameworks/CoreWiFi.framework/Versions/A/CoreWiFi
0x00007fff2d82a000 	/System/Library/PrivateFrameworks/CorePhoneNumbers.framework/Versions/A/CorePhoneNumbers
0x00007fff30be6000 	/System/Library/PrivateFrameworks/DiskManagement.framework/Versions/A/DiskManagement
0x00007fff30afc000 	/System/Library/PrivateFrameworks/AppleIDAuthSupport.framework/Versions/A/AppleIDAuthSupport
0x00007fff2d807000 	/System/Library/PrivateFrameworks/KeychainCircle.framework/Versions/A/KeychainCircle
0x00007fff30bb2000 	/System/Library/PrivateFrameworks/MediaKit.framework/Versions/A/MediaKit
0x00007fff30b09000 	/System/Library/Frameworks/DiscRecording.framework/Versions/A/DiscRecording
0x00007fff2afb5000 	/usr/lib/libCoreStorage.dylib
0x00007fff32f90000 	/usr/lib/libcsfde.dylib
0x00007fff2e404000 	/System/Library/PrivateFrameworks/ProtectedCloudStorage.framework/Versions/A/ProtectedCloudStorage
0x00007fff32f88000 	/System/Library/PrivateFrameworks/EFILogin.framework/Versions/A/EFILogin
0x00007fff3357c000 	/System/Library/Frameworks/AudioUnit.framework/Versions/A/AudioUnit
0x00007fff30a7b000 	/System/Library/Frameworks/CoreBluetooth.framework/Versions/A/CoreBluetooth
0x00007fff2afad000 	/usr/lib/libMatch.1.dylib
0x00007fff43f31000 	/System/Library/CoreServices/RawCamera.bundle/Contents/MacOS/RawCamera
0x00007fff2d7b3000 	/System/Library/PrivateFrameworks/MobileAsset.framework/Versions/A/MobileAsset
0x00007fff335a1000 	/System/Library/PrivateFrameworks/StreamingZip.framework/Versions/A/StreamingZip
0x00007fff2bf56000 	/System/Library/Frameworks/MediaToolbox.framework/Versions/A/MediaToolbox
0x00007fff31091000 	/System/Library/PrivateFrameworks/CoreAVCHD.framework/Versions/A/CoreAVCHD
0x00007fff30245000 	/System/Library/Frameworks/MediaAccessibility.framework/Versions/A/MediaAccessibility
0x00007fff3108d000 	/System/Library/PrivateFrameworks/Mangrove.framework/Versions/A/Mangrove
0x00007fff30251000 	/System/Library/PrivateFrameworks/AlgosScoreFramework.framework/Versions/A/AlgosScoreFramework
0x00007fff31a52000 	/System/Library/PrivateFrameworks/AppleVPA.framework/Versions/A/AppleVPA
0x00007fff30cd2000 	/System/Library/PrivateFrameworks/CoreAUC.framework/Versions/A/CoreAUC
0x00007fff41923000 	/System/Library/Frameworks/Accelerate.framework/Versions/A/Frameworks/vImage.framework/Versions/A/Libraries/libCGInterfaces.dylib
0x000000010d232000 	/usr/lib/libobjc-trampolines.dylib
0x00007fff353fa000 	/System/Library/PrivateFrameworks/FamilyControls.framework/Versions/A/FamilyControls
0x00007fff3541e000 	/System/Library/PrivateFrameworks/CommerceKit.framework/Versions/A/Frameworks/CommerceCore.framework/Versions/A/CommerceCore
0x00007fff30282000 	/System/Library/PrivateFrameworks/SystemAdministration.framework/Versions/A/SystemAdministration
0x00007fff2fba1000 	/System/Library/Frameworks/DirectoryService.framework/Versions/A/DirectoryService
0x00007fff32e2e000 	/System/Library/PrivateFrameworks/DiskImages.framework/Versions/A/DiskImages
0x00007fff33002000 	/System/Library/PrivateFrameworks/LoginUIKit.framework/Versions/A/Frameworks/LoginUICore.framework/Versions/A/LoginUICore
0x00007fff2b8f1000 	/usr/lib/libodfde.dylib
0x00007fff32f9c000 	/usr/lib/libcurl.4.dylib
0x00007fff32cfc000 	/usr/lib/libcrypto.44.dylib
0x00007fff32e00000 	/usr/lib/libssl.46.dylib
0x00007fff32cc2000 	/System/Library/Frameworks/LDAP.framework/Versions/A/LDAP
0x00007fff32cfa000 	/System/Library/PrivateFrameworks/TrustEvaluationAgent.framework/Versions/A/TrustEvaluationAgent
0x00007fff2ce16000 	/usr/lib/libsasl2.2.dylib
0x00007fff30276000 	/System/Library/PrivateFrameworks/CoreDaemon.framework/Versions/B/CoreDaemon
0x00007fff30271000 	/System/Library/PrivateFrameworks/AppleSRP.framework/Versions/A/AppleSRP
0x00007fff27037000 	/System/Library/PrivateFrameworks/ViewBridge.framework/Versions/A/ViewBridge
0x000000010d275000 	/Library/Java/JavaVirtualMachines/jdk1.8.0_221.jdk/Contents/Home/jre/lib/libnio.dylib
0x000000011e3a3000 	/Users/liutong/Library/Caches/JNA/temp/jna7608617412053982215.tmp
0x00007fff6f6cf000 	/System/Library/Frameworks/JavaVM.framework/Versions/A/JavaVM
0x000000011e3b9000 	/usr/local/Cellar/tesseract/4.1.1/lib/libtesseract.4.dylib
0x000000011e639000 	/usr/local/opt/leptonica/lib/liblept.5.dylib
0x000000011e855000 	/usr/local/opt/libpng/lib/libpng16.16.dylib
0x000000011e889000 	/usr/local/opt/jpeg/lib/libjpeg.9.dylib
0x000000011e8c9000 	/usr/local/opt/giflib/lib/libgif.dylib
0x000000011e8dd000 	/usr/local/opt/libtiff/lib/libtiff.5.dylib
0x000000011e955000 	/usr/local/opt/webp/lib/libwebpmux.3.dylib
0x000000011e969000 	/usr/local/opt/webp/lib/libwebp.7.dylib
0x000000011e9d1000 	/usr/local/opt/openjpeg/lib/libopenjp2.7.dylib

VM Arguments:
jvm_args: -javaagent:/Applications/IntelliJ IDEA.app/Contents/lib/idea_rt.jar=61772:/Applications/IntelliJ IDEA.app/Contents/bin -Dfile.encoding=UTF-8 
java_command: com.gogonew.tes.image.OCRDemo
java_class_path (initial): /Library/Java/JavaVirtualMachines/jdk1.8.0_221.jdk/Contents/Home/jre/lib/charsets.jar:/Library/Java/JavaVirtualMachines/jdk1.8.0_221.jdk/Contents/Home/jre/lib/deploy.jar:/Library/Java/JavaVirtualMachines/jdk1.8.0_221.jdk/Contents/Home/jre/lib/ext/cldrdata.jar:/Library/Java/JavaVirtualMachines/jdk1.8.0_221.jdk/Contents/Home/jre/lib/ext/dnsns.jar:/Library/Java/JavaVirtualMachines/jdk1.8.0_221.jdk/Contents/Home/jre/lib/ext/jaccess.jar:/Library/Java/JavaVirtualMachines/jdk1.8.0_221.jdk/Contents/Home/jre/lib/ext/jfxrt.jar:/Library/Java/JavaVirtualMachines/jdk1.8.0_221.jdk/Contents/Home/jre/lib/ext/localedata.jar:/Library/Java/JavaVirtualMachines/jdk1.8.0_221.jdk/Contents/Home/jre/lib/ext/nashorn.jar:/Library/Java/JavaVirtualMachines/jdk1.8.0_221.jdk/Contents/Home/jre/lib/ext/sunec.jar:/Library/Java/JavaVirtualMachines/jdk1.8.0_221.jdk/Contents/Home/jre/lib/ext/sunjce_provider.jar:/Library/Java/JavaVirtualMachines/jdk1.8.0_221.jdk/Contents/Home/jre/lib/ext/sunpkcs11.jar:/Library/Java/JavaVirtualMachines/jdk1.8.0_221.jdk/Contents/Home/jre/lib/ext/zipfs.jar:/Library/Java/JavaVirtualMachines/jdk1.8.0_221.jdk/Contents/Home/jre/lib/javaws.jar:/Library/Java/JavaVirtualMachines/jdk1.8.0_221.jdk/Contents/Home/jre/lib/jce.jar:/Library/Java/JavaVirtualMachines/jdk1.8.0_221.jdk/Contents/Home/jre/lib/jfr.jar:/Library/Java/JavaVirtualMachines/jdk1.8.0_221.jdk/Contents/Home/jre/lib/jfxswt.jar:/Library/Java/JavaVirtualMachines/jdk1.8.0_221.jdk/Contents/Home/jre/lib/jsse.jar:/Library/Java/JavaVirtualMachines/jdk1.8.0_221.jdk/Contents/Home/jre/lib/management-agent.jar:/Library/Java/JavaVirtualMachines/jdk1.8.0_221.jdk/Contents/Home/jre/lib/plugin.jar:/Library/Java/JavaVirtualMachines/jdk1.8.0_221.jdk/Contents/Home/jre/lib/resources.jar:/Library/Java/JavaVirtualMachines/jdk1.8.0_221.jdk/Contents/Home/jre/lib/rt.jar:/Library/Java/JavaVirtualMachines/jdk1.8.0_221.jdk/Contents/Home/lib/ant-javafx.jar:/Library/Java/JavaVirtualMachines/jdk1.8.0_221.jdk/Contents/Home
Launcher Type: SUN_STANDARD

Environment Variables:
PATH=/Users/liutong/Tools/apache-maven-3.6.3/bin:/usr/local/bin:/usr/bin:/bin:/usr/sbin:/sbin
SHELL=/bin/zsh

Signal Handlers:
SIGSEGV: [libjvm.dylib+0x5b71a7], sa_mask[0]=11111111011111110111111111111111, sa_flags=SA_ONSTACK|SA_RESTART|SA_SIGINFO
SIGBUS: [libjvm.dylib+0x5b71a7], sa_mask[0]=11111111011111110111111111111111, sa_flags=SA_RESTART|SA_SIGINFO
SIGFPE: [libjvm.dylib+0x48c8fc], sa_mask[0]=11111111011111110111111111111111, sa_flags=SA_RESTART|SA_SIGINFO
SIGPIPE: [libjvm.dylib+0x48c8fc], sa_mask[0]=11111111011111110111111111111111, sa_flags=SA_RESTART|SA_SIGINFO
SIGXFSZ: [libjvm.dylib+0x48c8fc], sa_mask[0]=11111111011111110111111111111111, sa_flags=SA_RESTART|SA_SIGINFO
SIGILL: [libjvm.dylib+0x48c8fc], sa_mask[0]=11111111011111110111111111111111, sa_flags=SA_RESTART|SA_SIGINFO
SIGUSR1: SIG_DFL, sa_mask[0]=00000000000000000000000000000000, sa_flags=none
SIGUSR2: [libjvm.dylib+0x48c41a], sa_mask[0]=00100000000000000000000000000000, sa_flags=SA_RESTART|SA_SIGINFO
SIGHUP: [libjvm.dylib+0x48a9a5], sa_mask[0]=11111111011111110111111111111111, sa_flags=SA_RESTART|SA_SIGINFO
SIGINT: [libjvm.dylib+0x48a9a5], sa_mask[0]=11111111011111110111111111111111, sa_flags=SA_RESTART|SA_SIGINFO
SIGTERM: [libjvm.dylib+0x48a9a5], sa_mask[0]=11111111011111110111111111111111, sa_flags=SA_RESTART|SA_SIGINFO
SIGQUIT: [libjvm.dylib+0x48a9a5], sa_mask[0]=11111111011111110111111111111111, sa_flags=SA_RESTART|SA_SIGINFO


---------------  S Y S T E M  ---------------

OS:Bsduname:Darwin 20.2.0 Darwin Kernel Version 20.2.0: Wed Dec  2 20:39:59 PST 2020; root:xnu-7195.60.75~1/RELEASE_X86_64 x86_64
rlimit: STACK 8192k, CORE 0k, NPROC 1392, NOFILE 10240, AS infinity
load average:3.25 2.94 3.43

CPU:total 4 (initial active 4) (2 cores per cpu, 2 threads per core) family 6 model 61 stepping 4, cmov, cx8, fxsr, mmx, sse, sse2, sse3, ssse3, sse4.1, sse4.2, popcnt, avx, avx2, aes, clmul, erms, 3dnowpref, lzcnt, ht, tsc, tscinvbit, bmi1, bmi2, adx

Memory: 4k page, physical 8388608k(51696k free)

/proc/meminfo:


vm_info: Java HotSpot(TM) 64-Bit Server VM (25.221-b11) for bsd-amd64 JRE (1.8.0_221-b11), built on Jul  4 2019 04:36:22 by "java_re" with gcc 4.2.1 (Based on Apple Inc. build 5658) (LLVM build 2336.11.00)

time: Thu Jan 28 15:39:32 2021
timezone: CST
elapsed time: 3 seconds (0d 0h 0m 3s)

